Using pre-set license
Built from '2020.2/staging' branch; Version is '2020.2.7f1 (c53830e277f1) revision 12924976'; Using compiler version '192528614'; Build Type 'Release'
OS: 'Windows 10 Home; OS build 19043.1288; Version 2009; 64bit' Language: 'fr' Physical Memory: 16228 MB
BatchMode: 1, IsHumanControllingUs: 0, StartBugReporterOnCrash: 0, Is64bit: 1, IsPro: 0

 COMMAND LINE ARGUMENTS:
C:\Program Files\Unity\Hub\Editor\2020.2.7f1\Editor\Unity.exe
-adb2
-batchMode
-noUpm
-name
AssetImportWorker0
-projectPath
C:/Users/Lionel/Desktop/projet_agile/maze
-logFile
Logs/AssetImportWorker0.log
-srvPort
61561
Successfully changed project path to: C:/Users/Lionel/Desktop/projet_agile/maze
C:/Users/Lionel/Desktop/projet_agile/maze
Using Asset Import Pipeline V2.
Refreshing native plugins compatible for Editor in 41.20 ms, found 0 plugins.
Preloading 0 native plugins for Editor in 0.00 ms.
Initialize engine version: 2020.2.7f1 (c53830e277f1)
[Subsystems] Discovering subsystems at path C:/Program Files/Unity/Hub/Editor/2020.2.7f1/Editor/Data/Resources/UnitySubsystems
[Subsystems] Discovering subsystems at path C:/Users/Lionel/Desktop/projet_agile/maze/Assets
GfxDevice: creating device client; threaded=0
Direct3D:
    Version:  Direct3D 11.0 [level 11.1]
    Renderer: NVIDIA GeForce RTX 2070 (ID=0x1f10)
    Vendor:   
    VRAM:     8031 MB
    Driver:   27.21.14.5730
Initialize mono
Mono path[0] = 'C:/Program Files/Unity/Hub/Editor/2020.2.7f1/Editor/Data/Managed'
Mono path[1] = 'C:/Program Files/Unity/Hub/Editor/2020.2.7f1/Editor/Data/MonoBleedingEdge/lib/mono/unityjit'
Mono config path = 'C:/Program Files/Unity/Hub/Editor/2020.2.7f1/Editor/Data/MonoBleedingEdge/etc'
Using monoOptions --debugger-agent=transport=dt_socket,embedding=1,server=y,suspend=n,address=127.0.0.1:56156
Begin MonoManager ReloadAssembly
Registering precompiled unity dll's ...
Register platform support module: C:/Program Files/Unity/Hub/Editor/2020.2.7f1/Editor/Data/PlaybackEngines/WindowsStandaloneSupport/UnityEditor.WindowsStandalone.Extensions.dll
Registered in 0.001622 seconds.
Native extension for WindowsStandalone target not found
Refreshing native plugins compatible for Editor in 40.70 ms, found 0 plugins.
Preloading 0 native plugins for Editor in 0.00 ms.
Invoked RoslynAnalysisRunner static constructor.
RoslynAnalysisRunner will not be running.
RoslynAnalysisRunner has terminated.
Mono: successfully reloaded assembly
- Completed reload, in  0.916 seconds
Platform modules already initialized, skipping
Registering precompiled user dll's ...
Registered in 0.001160 seconds.
Begin MonoManager ReloadAssembly
Native extension for WindowsStandalone target not found
Refreshing native plugins compatible for Editor in 40.01 ms, found 0 plugins.
Preloading 0 native plugins for Editor in 0.00 ms.
Invoked RoslynAnalysisRunner static constructor.
RoslynAnalysisRunner will not be running.
RoslynAnalysisRunner has terminated.
Mono: successfully reloaded assembly
- Completed reload, in  0.813 seconds
Platform modules already initialized, skipping
========================================================================
Worker process is ready to serve import requests
Shader 'Universal Render Pipeline/Particles/Lit': fallback shader 'Universal Render Pipeline/Particles/SimpleLit' not found
Shader 'Universal Render Pipeline/Particles/Lit': fallback shader 'Universal Render Pipeline/Particles/SimpleLit' not found
Launched and connected shader compiler UnityShaderCompiler.exe after 0.04 seconds
Refreshing native plugins compatible for Editor in 0.41 ms, found 0 plugins.
Preloading 0 native plugins for Editor in 0.00 ms.
Unloading 2787 Unused Serialized files (Serialized files now loaded: 0)
System memory in use before: 129.2 MB.
System memory in use after: 127.1 MB.

Unloading 45 unused Assets to reduce memory usage. Loaded Objects now: 3200.
Total: 3.059900 ms (FindLiveObjects: 0.303600 ms CreateObjectMapping: 0.124400 ms MarkObjects: 1.562300 ms  DeleteObjects: 1.068800 ms)

========================================================================
Received Import Request.
  path: Assets/Materials/TetsShader.mat
  artifactKey: Guid(baad4ee813195014fb4f193dabd72cc2) Importer(815301076,1909f56bfc062723c751e8b465ee728b)
Start importing Assets/Materials/TetsShader.mat using Guid(baad4ee813195014fb4f193dabd72cc2) Importer(815301076,1909f56bfc062723c751e8b465ee728b)  -> (artifact id: 'f7c6b290bf574a9f07aeae88e33cd2a3') in 0.186296 seconds
  Import took 0.190429 seconds .

========================================================================
Received Import Request.
  Time since last request: 78.199713 seconds.
  path: Assets/Materials/ShaderGraph.shadergraph
  artifactKey: Guid(1a90ba3ef39f2744faa558f7db5cb563) Importer(815301076,1909f56bfc062723c751e8b465ee728b)
Start importing Assets/Materials/ShaderGraph.shadergraph using Guid(1a90ba3ef39f2744faa558f7db5cb563) Importer(815301076,1909f56bfc062723c751e8b465ee728b)  -> (artifact id: '86edfee1904fdf6766e00d31e8bc1ea9') in 0.010105 seconds
  Import took 0.014704 seconds .

========================================================================
Received Import Request.
  Time since last request: 1.930556 seconds.
  path: Assets/Materials/ShaderGraph.shadergraph
  artifactKey: Guid(1a90ba3ef39f2744faa558f7db5cb563) Importer(815301076,1909f56bfc062723c751e8b465ee728b)
Start importing Assets/Materials/ShaderGraph.shadergraph using Guid(1a90ba3ef39f2744faa558f7db5cb563) Importer(815301076,1909f56bfc062723c751e8b465ee728b)  -> (artifact id: '86edfee1904fdf6766e00d31e8bc1ea9') in 0.005321 seconds
  Import took 0.010984 seconds .

========================================================================
Received Import Request.
  Time since last request: 197.476232 seconds.
  path: Assets/Materials/New Shader Graph.shadergraph
  artifactKey: Guid(cf3c6ceb77883c149aa0370584692b3a) Importer(815301076,1909f56bfc062723c751e8b465ee728b)
Start importing Assets/Materials/New Shader Graph.shadergraph using Guid(cf3c6ceb77883c149aa0370584692b3a) Importer(815301076,1909f56bfc062723c751e8b465ee728b)  -> (artifact id: '665ddc4e83f68ef73e9a562077c3b53d') in 0.009630 seconds
  Import took 0.015737 seconds .

========================================================================
Received Import Request.
  Time since last request: 11.664490 seconds.
  path: Assets/Materials/Glow.shadergraph
  artifactKey: Guid(cf3c6ceb77883c149aa0370584692b3a) Importer(815301076,1909f56bfc062723c751e8b465ee728b)
Start importing Assets/Materials/Glow.shadergraph using Guid(cf3c6ceb77883c149aa0370584692b3a) Importer(815301076,1909f56bfc062723c751e8b465ee728b)  -> (artifact id: 'af340702eded912a423404c19c3502cd') in 0.010289 seconds
  Import took 0.015435 seconds .

========================================================================
Received Prepare
Registering precompiled user dll's ...
Registered in 0.001253 seconds.
Begin MonoManager ReloadAssembly
Native extension for WindowsStandalone target not found
Refreshing native plugins compatible for Editor in 0.41 ms, found 0 plugins.
Preloading 0 native plugins for Editor in 0.00 ms.
Invoked RoslynAnalysisRunner static constructor.
RoslynAnalysisRunner will not be running.
RoslynAnalysisRunner has terminated.
Mono: successfully reloaded assembly
- Completed reload, in  0.873 seconds
Platform modules already initialized, skipping
Shader 'Universal Render Pipeline/Particles/Lit': fallback shader 'Universal Render Pipeline/Particles/SimpleLit' not found
Shader 'Universal Render Pipeline/Particles/Lit': fallback shader 'Universal Render Pipeline/Particles/SimpleLit' not found
Refreshing native plugins compatible for Editor in 0.40 ms, found 0 plugins.
Preloading 0 native plugins for Editor in 0.00 ms.
Unloading 2677 Unused Serialized files (Serialized files now loaded: 0)
System memory in use before: 128.7 MB.
System memory in use after: 126.6 MB.

Unloading 40 unused Assets to reduce memory usage. Loaded Objects now: 3281.
Total: 3.665600 ms (FindLiveObjects: 0.321600 ms CreateObjectMapping: 0.133800 ms MarkObjects: 1.910000 ms  DeleteObjects: 1.299200 ms)

AssetImportWorkerClient::OnTransportError - code=2 error=End of file
